<?xml version="1.0" encoding="UTF-8"?>
<!-- Generated by org.testng.reporters.JUnitReportReporter -->
<testsuite hostname="DESKTOP-KNV2EK2" name="TestBat.Test1" tests="2" failures="0" timestamp="24 Jan 2019 13:26:22 GMT" time="0.011" errors="0">
  <testcase name="method2" time="0.005" classname="TestBat.Test1"/>
  <testcase name="method1" time="0.006" classname="TestBat.Test1"/>
</testsuite> <!-- TestBat.Test1 -->
