<?xml version="1.0" encoding="UTF-8"?>
<!-- Generated by org.testng.reporters.JUnitReportReporter -->
<testsuite hostname="DESKTOP-KNV2EK2" name="TestBat.Test2" tests="3" failures="0" timestamp="5 Feb 2019 05:28:22 GMT" time="0.002" errors="0">
  <testcase name="method1" time="0.001" classname="TestBat.Test2"/>
  <testcase name="method3" time="0.000" classname="TestBat.Test2"/>
  <testcase name="method2" time="0.001" classname="TestBat.Test2"/>
</testsuite> <!-- TestBat.Test2 -->
